android/app/build/intermediates/manifest_merge_blame_file/debug/manifest-merger-blame-debug-report.txt
1<?xml version="1.0" encoding="utf-8"?>
2<manifest xmlns:android="http://schemas.android.com/apk/res/android"
3    package="com.lovelymountains"
4    android:versionCode="1"
5    android:versionName="1.0" >
6
7    <uses-sdk
8        android:minSdkVersion="21"
9        android:targetSdkVersion="33" />
10
11    <uses-permission android:name="android.permission.SYSTEM_ALERT_WINDOW" />
11-->src\debug\AndroidManifest.xml:5:5-77
11-->src\debug\AndroidManifest.xml:5:22-75
12    <uses-permission android:name="android.permission.INTERNET" />
12-->src\main\AndroidManifest.xml:3:3-65
12-->src\main\AndroidManifest.xml:3:20-62
13    <uses-permission android:name="android.permission.ACCESS_COARSE_LOCATION" />
13-->src\main\AndroidManifest.xml:4:3-79
13-->src\main\AndroidManifest.xml:4:20-76
14    <uses-permission android:name="android.permission.ACCESS_FINE_LOCATION" />
14-->src\main\AndroidManifest.xml:5:3-77
14-->src\main\AndroidManifest.xml:5:20-74
15    <uses-permission android:name="android.permission.ACCESS_WIFI_STATE" />
15-->[com.facebook.flipper:flipper:0.182.0] AndroidManifest.xml:16:5-76
15-->[com.facebook.flipper:flipper:0.182.0] AndroidManifest.xml:16:22-73
16
17    <uses-feature
17-->[com.mapbox.maps:android-core:10.15.0] AndroidManifest.xml:10:5-12:35
18        android:glEsVersion="0x00020000"
18-->[com.mapbox.maps:android-core:10.15.0] AndroidManifest.xml:11:9-41
19        android:required="true" />
19-->[com.mapbox.maps:android-core:10.15.0] AndroidManifest.xml:12:9-32
20    <uses-feature
20-->[com.mapbox.maps:android-core:10.15.0] AndroidManifest.xml:13:5-15:36
21        android:name="android.hardware.wifi"
21-->[com.mapbox.maps:android-core:10.15.0] AndroidManifest.xml:14:9-45
22        android:required="false" />
22-->[com.mapbox.maps:android-core:10.15.0] AndroidManifest.xml:15:9-33
23
24    <uses-permission android:name="android.permission.ACCESS_NETWORK_STATE" />
24-->[com.mapbox.maps:android-core:10.15.0] AndroidManifest.xml:18:5-79
24-->[com.mapbox.maps:android-core:10.15.0] AndroidManifest.xml:18:22-76
25
26    <application
26-->src\main\AndroidManifest.xml:7:3-26:17
27        android:name="com.lovelymountains.MainApplication"
27-->src\main\AndroidManifest.xml:8:5-36
28        android:allowBackup="false"
28-->src\main\AndroidManifest.xml:12:5-32
29        android:appComponentFactory="androidx.core.app.CoreComponentFactory"
29-->[androidx.core:core:1.7.0] AndroidManifest.xml:24:18-86
30        android:debuggable="true"
31        android:icon="@mipmap/ic_launcher"
31-->src\main\AndroidManifest.xml:10:5-39
32        android:label="@string/app_name"
32-->src\main\AndroidManifest.xml:9:5-37
33        android:roundIcon="@mipmap/ic_launcher_round"
33-->src\main\AndroidManifest.xml:11:5-50
34        android:theme="@style/AppTheme"
34-->src\main\AndroidManifest.xml:13:5-36
35        android:usesCleartextTraffic="true" >
35-->src\debug\AndroidManifest.xml:8:9-44
36        <activity
36-->src\debug\AndroidManifest.xml:11:9-111
37            android:name="com.facebook.react.devsupport.DevSettingsActivity"
37-->src\debug\AndroidManifest.xml:11:19-83
38            android:exported="false" />
38-->src\debug\AndroidManifest.xml:11:84-108
39        <activity
39-->src\main\AndroidManifest.xml:14:5-25:16
40            android:name="com.lovelymountains.MainActivity"
40-->src\main\AndroidManifest.xml:15:7-35
41            android:configChanges="keyboard|keyboardHidden|orientation|screenLayout|screenSize|smallestScreenSize|uiMode"
41-->src\main\AndroidManifest.xml:17:7-116
42            android:exported="true"
42-->src\main\AndroidManifest.xml:20:7-30
43            android:label="@string/app_name"
43-->src\main\AndroidManifest.xml:16:7-39
44            android:launchMode="singleTask"
44-->src\main\AndroidManifest.xml:18:7-38
45            android:windowSoftInputMode="stateUnspecified|adjustPan" >
45-->src\main\AndroidManifest.xml:19:7-63
46            <intent-filter>
46-->src\main\AndroidManifest.xml:21:7-24:23
47                <action android:name="android.intent.action.MAIN" />
47-->src\main\AndroidManifest.xml:22:9-61
47-->src\main\AndroidManifest.xml:22:17-58
48
49                <category android:name="android.intent.category.LAUNCHER" />
49-->src\main\AndroidManifest.xml:23:9-69
49-->src\main\AndroidManifest.xml:23:19-66
50            </intent-filter>
51        </activity>
52
53        <provider
53-->[com.mapbox.maps:android-core:10.15.0] AndroidManifest.xml:22:9-30:20
54            android:name="androidx.startup.InitializationProvider"
54-->[com.mapbox.maps:android-core:10.15.0] AndroidManifest.xml:23:13-67
55            android:authorities="com.lovelymountains.androidx-startup"
55-->[com.mapbox.maps:android-core:10.15.0] AndroidManifest.xml:24:13-68
56            android:exported="false" >
56-->[com.mapbox.maps:android-core:10.15.0] AndroidManifest.xml:25:13-37
57            <meta-data
57-->[com.mapbox.maps:android-core:10.15.0] AndroidManifest.xml:27:13-29:52
58                android:name="com.mapbox.maps.loader.MapboxMapsInitializer"
58-->[com.mapbox.maps:android-core:10.15.0] AndroidManifest.xml:28:17-76
59                android:value="androidx.startup" />
59-->[com.mapbox.maps:android-core:10.15.0] AndroidManifest.xml:29:17-49
60            <!-- This entry makes MapboxSDKCommonInitializer discoverable. -->
61            <meta-data
61-->[com.mapbox.common:common:23.7.0] AndroidManifest.xml:21:13-23:52
62                android:name="com.mapbox.common.MapboxSDKCommonInitializer"
62-->[com.mapbox.common:common:23.7.0] AndroidManifest.xml:22:17-76
63                android:value="androidx.startup" />
63-->[com.mapbox.common:common:23.7.0] AndroidManifest.xml:23:17-49
64            <meta-data
64-->[androidx.emoji2:emoji2:1.0.0] AndroidManifest.xml:31:13-33:52
65                android:name="androidx.emoji2.text.EmojiCompatInitializer"
65-->[androidx.emoji2:emoji2:1.0.0] AndroidManifest.xml:32:17-75
66                android:value="androidx.startup" />
66-->[androidx.emoji2:emoji2:1.0.0] AndroidManifest.xml:33:17-49
67            <meta-data
67-->[androidx.lifecycle:lifecycle-process:2.4.0] AndroidManifest.xml:31:13-33:52
68                android:name="androidx.lifecycle.ProcessLifecycleInitializer"
68-->[androidx.lifecycle:lifecycle-process:2.4.0] AndroidManifest.xml:32:17-78
69                android:value="androidx.startup" />
69-->[androidx.lifecycle:lifecycle-process:2.4.0] AndroidManifest.xml:33:17-49
70        </provider>
71
72        <receiver
72-->[com.mapbox.common:common:23.7.0] AndroidManifest.xml:26:9-33:20
73            android:name="com.mapbox.common.location.LocationUpdatesReceiver"
73-->[com.mapbox.common:common:23.7.0] AndroidManifest.xml:27:13-78
74            android:enabled="true"
74-->[com.mapbox.common:common:23.7.0] AndroidManifest.xml:28:13-35
75            android:exported="false" >
75-->[com.mapbox.common:common:23.7.0] AndroidManifest.xml:29:13-37
76            <intent-filter>
76-->[com.mapbox.common:common:23.7.0] AndroidManifest.xml:30:13-32:29
77                <action android:name="com.mapbox.common.location.LocationUpdatesReceiver.ACTION_PROCESS_LOCATION_UPDATES" />
77-->[com.mapbox.common:common:23.7.0] AndroidManifest.xml:31:17-125
77-->[com.mapbox.common:common:23.7.0] AndroidManifest.xml:31:25-122
78            </intent-filter>
79        </receiver>
80
81        <service
81-->[com.mapbox.common:common:23.7.0] AndroidManifest.xml:35:9-37:40
82            android:name="com.mapbox.common.LifecycleService"
82-->[com.mapbox.common:common:23.7.0] AndroidManifest.xml:36:13-62
83            android:exported="false" />
83-->[com.mapbox.common:common:23.7.0] AndroidManifest.xml:37:13-37
84
85        <meta-data
85-->[com.facebook.soloader:soloader:0.10.5] AndroidManifest.xml:12:9-14:37
86            android:name="com.facebook.soloader.enabled"
86-->[com.facebook.soloader:soloader:0.10.5] AndroidManifest.xml:13:13-57
87            android:value="false" />
87-->[com.facebook.soloader:soloader:0.10.5] AndroidManifest.xml:14:13-34
88    </application>
89
90</manifest>